<?xml version="1.0" encoding="UTF-8"?>
<!-- Generated by org.testng.reporters.JUnitReportReporter -->
<testsuite hostname="LAPTOP-1AB76RU1" failures="0" tests="1" name="flipTestPackage.FlipTestClass" time="0.010" errors="0" timestamp="2023-05-13T20:17:44 IST" skipped="0">
  <testcase classname="flipTestPackage.FlipTestClass" name="testMethod3" time="0.010"/>
  <system-out/>
</testsuite> <!-- flipTestPackage.FlipTestClass -->
